#
# There is insufficient memory for the Java Runtime Environment to continue.
# Native memory allocation (malloc) failed to allocate 2003536 bytes for Chunk::new
# Possible reasons:
#   The system is out of physical RAM or swap space
#   The process is running with CompressedOops enabled, and the Java Heap may be blocking the growth of the native heap
# Possible solutions:
#   Reduce memory load on the system
#   Increase physical memory or swap space
#   Check if swap backing store is full
#   Decrease Java heap size (-Xmx/-Xms)
#   Decrease number of Java threads
#   Decrease Java thread stack sizes (-Xss)
#   Set larger code cache with -XX:ReservedCodeCacheSize=
#   JVM is running with Unscaled Compressed Oops mode in which the Java heap is
#     placed in the first 4GB address space. The Java Heap base address is the
#     maximum limit for the native heap growth. Please use -XX:HeapBaseMinAddress
#     to set the Java Heap base and to place the Java Heap above 4GB virtual address.
# This output file may be truncated or incomplete.
#
#  Out of Memory Error (./src/hotspot/share/memory/arena.cpp:197), pid=14560, tid=20788
#
# JRE version: OpenJDK Runtime Environment (11.0.10) (build 11.0.10+0-b96-7249189)
# Java VM: OpenJDK 64-Bit Server VM (11.0.10+0-b96-7249189, mixed mode, tiered, compressed oops, g1 gc, windows-amd64)
# No core dump will be written. Minidumps are not enabled by default on client versions of Windows
#

---------------  S U M M A R Y ------------

Command Line: --add-opens=java.base/java.util=ALL-UNNAMED --add-opens=java.base/java.lang=ALL-UNNAMED --add-opens=java.base/java.lang.invoke=ALL-UNNAMED --add-opens=java.base/java.util=ALL-UNNAMED --add-opens=java.prefs/java.util.prefs=ALL-UNNAMED --add-opens=java.prefs/java.util.prefs=ALL-UNNAMED --add-opens=java.base/java.nio.charset=ALL-UNNAMED --add-opens=java.base/java.net=ALL-UNNAMED --add-opens=java.base/java.util.concurrent.atomic=ALL-UNNAMED -Xmx2048m -Dfile.encoding=UTF-8 -Duser.country=US -Duser.language=en -Duser.variant org.gradle.launcher.daemon.bootstrap.GradleDaemon 7.0.2

Host: AMD Ryzen 5 4600H with Radeon Graphics         , 12 cores, 7G,  Windows 10 , 64 bit Build 25217 (10.0.25217.1000)
Time: Mon Aug 21 12:48:09 2023 India Standard Time elapsed time: 11.116651 seconds (0d 0h 0m 11s)

---------------  T H R E A D  ---------------

Current thread (0x000002580b696800):  JavaThread "C2 CompilerThread2" daemon [_thread_in_native, id=20788, stack(0x0000006e25e00000,0x0000006e25f00000)]


Current CompileTask:
C2:  11116 5177       4       org.objectweb.asm.Frame::execute (2318 bytes)

Stack: [0x0000006e25e00000,0x0000006e25f00000]
Native frames: (J=compiled Java code, j=interpreted, Vv=VM code, C=native code)
V  [jvm.dll+0x5ecfaa]
V  [jvm.dll+0x722bd5]
V  [jvm.dll+0x72412d]
V  [jvm.dll+0x7247e3]
V  [jvm.dll+0x242928]
V  [jvm.dll+0xbc4fc]
V  [jvm.dll+0xbca0c]
V  [jvm.dll+0x352d7d]
V  [jvm.dll+0x320ad3]
V  [jvm.dll+0x31ffca]
V  [jvm.dll+0x1fb602]
V  [jvm.dll+0x1fa7f4]
V  [jvm.dll+0x18354c]
V  [jvm.dll+0x208ee7]
V  [jvm.dll+0x207731]
V  [jvm.dll+0x6eb1cf]
V  [jvm.dll+0x6e3d45]
V  [jvm.dll+0x5ebe96]
C  [ucrtbase.dll+0x4b7eb]
C  [KERNEL32.DLL+0x1484d]
C  [ntdll.dll+0x67558]


---------------  P R O C E S S  ---------------

Threads class SMR info:
_java_thread_list=0x000002580d62fdc0, length=59, elements={
0x000002586b7b8000, 0x00000258061ea000, 0x00000258061eb800, 0x0000025806a54800,
0x0000025806a55800, 0x0000025806a57000, 0x0000025806a58800, 0x0000025806a5a000,
0x0000025806a63800, 0x0000025806bb9800, 0x0000025809040800, 0x00000258085bb800,
0x0000025807ec5800, 0x0000025808c33000, 0x000002580882c800, 0x000002580882d000,
0x00000258083bb000, 0x00000258083bb800, 0x0000025808d47000, 0x0000025808a87000,
0x0000025808a83000, 0x0000025808a88000, 0x0000025808a84800, 0x0000025808a82800,
0x0000025808a86800, 0x0000025808a89000, 0x0000025808a85800, 0x0000025808a84000,
0x00000258093bb000, 0x00000258093bd800, 0x00000258093bf000, 0x00000258093bc000,
0x00000258093ba800, 0x00000258093c1800, 0x000002580cbd1800, 0x00000258093be800,
0x000002580b696800, 0x00000258093c2800, 0x00000258093bd000, 0x00000258093c6800,
0x00000258093c7800, 0x00000258093c5000, 0x00000258093c9000, 0x00000258093c6000,
0x00000258093c8000, 0x00000258093c3800, 0x00000258093c4000, 0x0000025809329000,
0x0000025809326800, 0x000002580932b000, 0x000002580932a000, 0x000002580932b800,
0x000002580932c800, 0x000002580932d800, 0x0000025809327800, 0x0000025809328800,
0x0000025809484000, 0x0000025809486800, 0x0000025809485800
}

Java Threads: ( => current thread )
  0x000002586b7b8000 JavaThread "main" [_thread_blocked, id=18288, stack(0x0000006e22800000,0x0000006e22900000)]
  0x00000258061ea000 JavaThread "Reference Handler" daemon [_thread_blocked, id=24876, stack(0x0000006e22f00000,0x0000006e23000000)]
  0x00000258061eb800 JavaThread "Finalizer" daemon [_thread_blocked, id=9204, stack(0x0000006e23000000,0x0000006e23100000)]
  0x0000025806a54800 JavaThread "Signal Dispatcher" daemon [_thread_blocked, id=19760, stack(0x0000006e23100000,0x0000006e23200000)]
  0x0000025806a55800 JavaThread "Attach Listener" daemon [_thread_blocked, id=22948, stack(0x0000006e23200000,0x0000006e23300000)]
  0x0000025806a57000 JavaThread "Service Thread" daemon [_thread_blocked, id=6680, stack(0x0000006e23300000,0x0000006e23400000)]
  0x0000025806a58800 JavaThread "C2 CompilerThread0" daemon [_thread_blocked, id=28408, stack(0x0000006e23400000,0x0000006e23500000)]
  0x0000025806a5a000 JavaThread "C1 CompilerThread0" daemon [_thread_blocked, id=9684, stack(0x0000006e23500000,0x0000006e23600000)]
  0x0000025806a63800 JavaThread "Sweeper thread" daemon [_thread_blocked, id=14028, stack(0x0000006e23600000,0x0000006e23700000)]
  0x0000025806bb9800 JavaThread "Common-Cleaner" daemon [_thread_blocked, id=28812, stack(0x0000006e23700000,0x0000006e23800000)]
  0x0000025809040800 JavaThread "Daemon health stats" [_thread_blocked, id=10780, stack(0x0000006e23d00000,0x0000006e23e00000)]
  0x00000258085bb800 JavaThread "Incoming local TCP Connector on port 51229" [_thread_in_native, id=14140, stack(0x0000006e23900000,0x0000006e23a00000)]
  0x0000025807ec5800 JavaThread "Daemon periodic checks" [_thread_blocked, id=13916, stack(0x0000006e23a00000,0x0000006e23b00000)]
  0x0000025808c33000 JavaThread "Daemon" [_thread_blocked, id=22228, stack(0x0000006e23e00000,0x0000006e23f00000)]
  0x000002580882c800 JavaThread "Handler for socket connection from /127.0.0.1:51229 to /127.0.0.1:51230" [_thread_in_native, id=20172, stack(0x0000006e23f00000,0x0000006e24000000)]
  0x000002580882d000 JavaThread "Cancel handler" [_thread_blocked, id=368, stack(0x0000006e24000000,0x0000006e24100000)]
  0x00000258083bb000 JavaThread "Daemon worker" [_thread_in_vm, id=26924, stack(0x0000006e24100000,0x0000006e24200000)]
  0x00000258083bb800 JavaThread "Asynchronous log dispatcher for DefaultDaemonConnection: socket connection from /127.0.0.1:51229 to /127.0.0.1:51230" [_thread_blocked, id=20000, stack(0x0000006e24200000,0x0000006e24300000)]
  0x0000025808d47000 JavaThread "Stdin handler" [_thread_blocked, id=18268, stack(0x0000006e24300000,0x0000006e24400000)]
  0x0000025808a87000 JavaThread "Daemon client event forwarder" [_thread_blocked, id=25744, stack(0x0000006e24400000,0x0000006e24500000)]
  0x0000025808a83000 JavaThread "Cache worker for file hash cache (C:\Users\LENOVO\.gradle\caches\7.0.2\fileHashes)" [_thread_blocked, id=25436, stack(0x0000006e24c00000,0x0000006e24d00000)]
  0x0000025808a88000 JavaThread "File lock request listener" [_thread_in_native, id=31108, stack(0x0000006e24d00000,0x0000006e24e00000)]
  0x0000025808a84800 JavaThread "Cache worker for journal cache (C:\Users\LENOVO\.gradle\caches\journal-1)" [_thread_blocked, id=22808, stack(0x0000006e25000000,0x0000006e25100000)]
  0x0000025808a82800 JavaThread "Cache worker for file hash cache (E:\ComputerHardwareMall\.gradle\7.0.2\fileHashes)" [_thread_blocked, id=15120, stack(0x0000006e25200000,0x0000006e25300000)]
  0x0000025808a86800 JavaThread "File watcher server" daemon [_thread_in_native, id=4848, stack(0x0000006e25300000,0x0000006e25400000)]
  0x0000025808a89000 JavaThread "File watcher consumer" daemon [_thread_blocked, id=18152, stack(0x0000006e25400000,0x0000006e25500000)]
  0x0000025808a85800 JavaThread "Cache worker for checksums cache (E:\ComputerHardwareMall\.gradle\checksums)" [_thread_blocked, id=26000, stack(0x0000006e25500000,0x0000006e25600000)]
  0x0000025808a84000 JavaThread "Cache worker for cache directory md-supplier (C:\Users\LENOVO\.gradle\caches\7.0.2\md-supplier)" [_thread_blocked, id=12252, stack(0x0000006e25600000,0x0000006e25700000)]
  0x00000258093bb000 JavaThread "Cache worker for cache directory md-rule (C:\Users\LENOVO\.gradle\caches\7.0.2\md-rule)" [_thread_blocked, id=26988, stack(0x0000006e25800000,0x0000006e25900000)]
  0x00000258093bd800 JavaThread "Cache worker for execution history cache (C:\Users\LENOVO\.gradle\caches\7.0.2\executionHistory)" [_thread_blocked, id=9612, stack(0x0000006e25900000,0x0000006e25a00000)]
  0x00000258093bf000 JavaThread "jar transforms" [_thread_blocked, id=23636, stack(0x0000006e25700000,0x0000006e25800000)]
  0x00000258093bc000 JavaThread "jar transforms Thread 2" [_thread_blocked, id=26976, stack(0x0000006e25a00000,0x0000006e25b00000)]
  0x00000258093ba800 JavaThread "Cache worker for file content cache (C:\Users\LENOVO\.gradle\caches\7.0.2\fileContent)" [_thread_blocked, id=10732, stack(0x0000006e25b00000,0x0000006e25c00000)]
  0x00000258093c1800 JavaThread "Cache worker for dependencies-accessors (E:\ComputerHardwareMall\.gradle\7.0.2\dependencies-accessors)" [_thread_blocked, id=31392, stack(0x0000006e25100000,0x0000006e25200000)]
  0x000002580cbd1800 JavaThread "C2 CompilerThread1" daemon [_thread_blocked, id=2752, stack(0x0000006e25c00000,0x0000006e25d00000)]
  0x00000258093be800 JavaThread "jar transforms Thread 3" [_thread_blocked, id=24688, stack(0x0000006e25d00000,0x0000006e25e00000)]
=>0x000002580b696800 JavaThread "C2 CompilerThread2" daemon [_thread_in_native, id=20788, stack(0x0000006e25e00000,0x0000006e25f00000)]
  0x00000258093c2800 JavaThread "Cache worker for Build Output Cleanup Cache (E:\ComputerHardwareMall\.gradle\buildOutputCleanup)" [_thread_blocked, id=7324, stack(0x0000006e25f00000,0x0000006e26000000)]
  0x00000258093bd000 JavaThread "Build operations" [_thread_blocked, id=19156, stack(0x0000006e26000000,0x0000006e26100000)]
  0x00000258093c6800 JavaThread "Build operations Thread 2" [_thread_blocked, id=14276, stack(0x0000006e26100000,0x0000006e26200000)]
  0x00000258093c7800 JavaThread "Build operations Thread 3" [_thread_blocked, id=25260, stack(0x0000006e26200000,0x0000006e26300000)]
  0x00000258093c5000 JavaThread "Build operations Thread 4" [_thread_blocked, id=28524, stack(0x0000006e26300000,0x0000006e26400000)]
  0x00000258093c9000 JavaThread "Build operations Thread 5" [_thread_blocked, id=11016, stack(0x0000006e26400000,0x0000006e26500000)]
  0x00000258093c6000 JavaThread "Build operations Thread 6" [_thread_blocked, id=22232, stack(0x0000006e26500000,0x0000006e26600000)]
  0x00000258093c8000 JavaThread "Build operations Thread 7" [_thread_blocked, id=1508, stack(0x0000006e26600000,0x0000006e26700000)]
  0x00000258093c3800 JavaThread "Build operations Thread 8" [_thread_blocked, id=7096, stack(0x0000006e26700000,0x0000006e26800000)]
  0x00000258093c4000 JavaThread "Build operations Thread 9" [_thread_blocked, id=21720, stack(0x0000006e26800000,0x0000006e26900000)]
  0x0000025809329000 JavaThread "Build operations Thread 10" [_thread_blocked, id=6732, stack(0x0000006e26900000,0x0000006e26a00000)]
  0x0000025809326800 JavaThread "Build operations Thread 11" [_thread_blocked, id=25704, stack(0x0000006e26a00000,0x0000006e26b00000)]
  0x000002580932b000 JavaThread "Build operations Thread 12" [_thread_blocked, id=8300, stack(0x0000006e26b00000,0x0000006e26c00000)]
  0x000002580932a000 JavaThread "jar transforms Thread 4" [_thread_blocked, id=25720, stack(0x0000006e26c00000,0x0000006e26d00000)]
  0x000002580932b800 JavaThread "jar transforms Thread 5" [_thread_blocked, id=28512, stack(0x0000006e26d00000,0x0000006e26e00000)]
  0x000002580932c800 JavaThread "jar transforms Thread 6" [_thread_blocked, id=27672, stack(0x0000006e26e00000,0x0000006e26f00000)]
  0x000002580932d800 JavaThread "jar transforms Thread 7" [_thread_blocked, id=25624, stack(0x0000006e26f00000,0x0000006e27000000)]
  0x0000025809327800 JavaThread "jar transforms Thread 8" [_thread_blocked, id=17988, stack(0x0000006e27000000,0x0000006e27100000)]
  0x0000025809328800 JavaThread "jar transforms Thread 9" [_thread_blocked, id=28092, stack(0x0000006e27100000,0x0000006e27200000)]
  0x0000025809484000 JavaThread "jar transforms Thread 10" [_thread_blocked, id=13728, stack(0x0000006e27200000,0x0000006e27300000)]
  0x0000025809486800 JavaThread "jar transforms Thread 11" [_thread_blocked, id=29964, stack(0x0000006e27300000,0x0000006e27400000)]
  0x0000025809485800 JavaThread "jar transforms Thread 12" [_thread_blocked, id=18728, stack(0x0000006e27400000,0x0000006e27500000)]

Other Threads:
  0x0000025806a07000 VMThread "VM Thread" [stack: 0x0000006e22e00000,0x0000006e22f00000] [id=30388]
  0x0000025806bce000 WatcherThread [stack: 0x0000006e23800000,0x0000006e23900000] [id=29016]
  0x000002586b7d0000 GCTaskThread "GC Thread#0" [stack: 0x0000006e22900000,0x0000006e22a00000] [id=10768]
  0x0000025807849800 GCTaskThread "GC Thread#1" [stack: 0x0000006e23b00000,0x0000006e23c00000] [id=7348]
  0x00000258079d3800 GCTaskThread "GC Thread#2" [stack: 0x0000006e23c00000,0x0000006e23d00000] [id=28064]
  0x0000025807ec6000 GCTaskThread "GC Thread#3" [stack: 0x0000006e24500000,0x0000006e24600000] [id=26496]
  0x0000025808f5b800 GCTaskThread "GC Thread#4" [stack: 0x0000006e24600000,0x0000006e24700000] [id=31120]
  0x0000025808d46000 GCTaskThread "GC Thread#5" [stack: 0x0000006e24700000,0x0000006e24800000] [id=13984]
  0x0000025807dcc000 GCTaskThread "GC Thread#6" [stack: 0x0000006e24800000,0x0000006e24900000] [id=2564]
  0x0000025808ddd800 GCTaskThread "GC Thread#7" [stack: 0x0000006e24900000,0x0000006e24a00000] [id=20608]
  0x0000025807f9f800 GCTaskThread "GC Thread#8" [stack: 0x0000006e24a00000,0x0000006e24b00000] [id=24552]
  0x00000258073ef000 GCTaskThread "GC Thread#9" [stack: 0x0000006e24b00000,0x0000006e24c00000] [id=15884]
  0x000002586b805800 ConcurrentGCThread "G1 Main Marker" [stack: 0x0000006e22a00000,0x0000006e22b00000] [id=11576]
  0x000002586b807800 ConcurrentGCThread "G1 Conc#0" [stack: 0x0000006e22b00000,0x0000006e22c00000] [id=19200]
  0x0000025808048000 ConcurrentGCThread "G1 Conc#1" [stack: 0x0000006e24e00000,0x0000006e24f00000] [id=26208]
  0x00000258081e4800 ConcurrentGCThread "G1 Conc#2" [stack: 0x0000006e24f00000,0x0000006e25000000] [id=3428]
  0x000002580603f800 ConcurrentGCThread "G1 Refine#0" [stack: 0x0000006e22c00000,0x0000006e22d00000] [id=14128]
  0x0000025806043000 ConcurrentGCThread "G1 Young RemSet Sampling" [stack: 0x0000006e22d00000,0x0000006e22e00000] [id=24344]

Threads with active compile tasks:
C2 CompilerThread2  11163 5177       4       org.objectweb.asm.Frame::execute (2318 bytes)

VM state:not at safepoint (normal execution)

VM Mutex/Monitor currently owned by a thread: None

Heap address: 0x0000000080000000, size: 2048 MB, Compressed Oops mode: 32-bit
Narrow klass base: 0x0000000000000000, Narrow klass shift: 3
Compressed class space size: 1073741824 Address: 0x0000000100000000

Heap:
 garbage-first heap   total 129024K, used 66128K [0x0000000080000000, 0x0000000100000000)
  region size 1024K, 33 young (33792K), 8 survivors (8192K)
 Metaspace       used 52123K, capacity 53569K, committed 53836K, reserved 1095680K
  class space    used 6654K, capacity 7167K, committed 7244K, reserved 1048576K
Heap Regions: E=young(eden), S=young(survivor), O=old, HS=humongous(starts), HC=humongous(continues), CS=collection set, F=free, A=archive, TAMS=top-at-mark-start (previous, next)
|   0|0x0000000080000000, 0x0000000080100000, 0x0000000080100000|100%| O|  |TAMS 0x0000000080100000, 0x0000000080000000| Untracked 
|   1|0x0000000080100000, 0x0000000080200000, 0x0000000080200000|100%| O|  |TAMS 0x0000000080200000, 0x0000000080100000| Untracked 
|   2|0x0000000080200000, 0x0000000080300000, 0x0000000080300000|100%| O|  |TAMS 0x0000000080300000, 0x0000000080200000| Untracked 
|   3|0x0000000080300000, 0x0000000080400000, 0x0000000080400000|100%|HS|  |TAMS 0x0000000080400000, 0x0000000080300000| Complete 
|   4|0x0000000080400000, 0x0000000080500000, 0x0000000080500000|100%|HC|  |TAMS 0x0000000080500000, 0x0000000080400000| Complete 
|   5|0x0000000080500000, 0x0000000080600000, 0x0000000080600000|100%|HC|  |TAMS 0x0000000080600000, 0x0000000080500000| Complete 
|   6|0x0000000080600000, 0x0000000080700000, 0x0000000080700000|100%| O|  |TAMS 0x0000000080700000, 0x0000000080600000| Untracked 
|   7|0x0000000080700000, 0x0000000080800000, 0x0000000080800000|100%| O|  |TAMS 0x0000000080800000, 0x0000000080700000| Untracked 
|   8|0x0000000080800000, 0x0000000080900000, 0x0000000080900000|100%| O|  |TAMS 0x0000000080900000, 0x0000000080800000| Untracked 
|   9|0x0000000080900000, 0x0000000080a00000, 0x0000000080a00000|100%| O|  |TAMS 0x0000000080a00000, 0x0000000080900000| Untracked 
|  10|0x0000000080a00000, 0x0000000080b00000, 0x0000000080b00000|100%| O|  |TAMS 0x0000000080b00000, 0x0000000080a00000| Untracked 
|  11|0x0000000080b00000, 0x0000000080c00000, 0x0000000080c00000|100%| O|  |TAMS 0x0000000080c00000, 0x0000000080b00000| Untracked 
|  12|0x0000000080c00000, 0x0000000080d00000, 0x0000000080d00000|100%| O|  |TAMS 0x0000000080d00000, 0x0000000080c00000| Untracked 
|  13|0x0000000080d00000, 0x0000000080e00000, 0x0000000080e00000|100%| O|  |TAMS 0x0000000080e00000, 0x0000000080d00000| Untracked 
|  14|0x0000000080e00000, 0x0000000080f00000, 0x0000000080f00000|100%| O|  |TAMS 0x0000000080f00000, 0x0000000080e00000| Untracked 
|  15|0x0000000080f00000, 0x0000000081000000, 0x0000000081000000|100%| O|  |TAMS 0x0000000080f85200, 0x0000000080f00000| Untracked 
|  16|0x0000000081000000, 0x0000000081100000, 0x0000000081100000|100%|HS|  |TAMS 0x0000000081000000, 0x0000000081000000| Complete 
|  17|0x0000000081100000, 0x0000000081200000, 0x0000000081200000|100%| O|  |TAMS 0x0000000081100000, 0x0000000081100000| Untracked 
|  18|0x0000000081200000, 0x0000000081300000, 0x0000000081300000|100%| O|  |TAMS 0x0000000081200000, 0x0000000081200000| Untracked 
|  19|0x0000000081300000, 0x0000000081400000, 0x0000000081400000|100%| O|  |TAMS 0x0000000081300000, 0x0000000081300000| Untracked 
|  20|0x0000000081400000, 0x0000000081500000, 0x0000000081500000|100%| O|  |TAMS 0x0000000081400000, 0x0000000081400000| Untracked 
|  21|0x0000000081500000, 0x0000000081600000, 0x0000000081600000|100%| O|  |TAMS 0x0000000081500000, 0x0000000081500000| Untracked 
|  22|0x0000000081600000, 0x0000000081700000, 0x0000000081700000|100%| O|  |TAMS 0x0000000081600000, 0x0000000081600000| Untracked 
|  23|0x0000000081700000, 0x0000000081800000, 0x0000000081800000|100%| O|  |TAMS 0x0000000081700000, 0x0000000081700000| Untracked 
|  24|0x0000000081800000, 0x0000000081900000, 0x0000000081900000|100%| O|  |TAMS 0x0000000081800000, 0x0000000081800000| Untracked 
|  25|0x0000000081900000, 0x0000000081a00000, 0x0000000081a00000|100%| O|  |TAMS 0x0000000081900000, 0x0000000081900000| Untracked 
|  26|0x0000000081a00000, 0x0000000081b00000, 0x0000000081b00000|100%| O|  |TAMS 0x0000000081a00000, 0x0000000081a00000| Untracked 
|  27|0x0000000081b00000, 0x0000000081c00000, 0x0000000081c00000|100%|HS|  |TAMS 0x0000000081b00000, 0x0000000081b00000| Complete 
|  28|0x0000000081c00000, 0x0000000081d00000, 0x0000000081d00000|100%|HS|  |TAMS 0x0000000081c00000, 0x0000000081c00000| Complete 
|  29|0x0000000081d00000, 0x0000000081e00000, 0x0000000081e00000|100%|HC|  |TAMS 0x0000000081d00000, 0x0000000081d00000| Complete 
|  30|0x0000000081e00000, 0x0000000081f00000, 0x0000000081f00000|100%| O|  |TAMS 0x0000000081e00000, 0x0000000081e00000| Untracked 
|  31|0x0000000081f00000, 0x0000000082000000, 0x0000000082000000|100%| O|  |TAMS 0x0000000081f00000, 0x0000000081f00000| Untracked 
|  32|0x0000000082000000, 0x0000000082094000, 0x0000000082100000| 57%| O|  |TAMS 0x0000000082000000, 0x0000000082000000| Untracked 
|  33|0x0000000082100000, 0x0000000082100000, 0x0000000082200000|  0%| F|  |TAMS 0x0000000082100000, 0x0000000082100000| Untracked 
|  34|0x0000000082200000, 0x0000000082200000, 0x0000000082300000|  0%| F|  |TAMS 0x0000000082200000, 0x0000000082200000| Untracked 
|  35|0x0000000082300000, 0x0000000082300000, 0x0000000082400000|  0%| F|  |TAMS 0x0000000082300000, 0x0000000082300000| Untracked 
|  36|0x0000000082400000, 0x0000000082400000, 0x0000000082500000|  0%| F|  |TAMS 0x0000000082400000, 0x0000000082400000| Untracked 
|  37|0x0000000082500000, 0x0000000082500000, 0x0000000082600000|  0%| F|  |TAMS 0x0000000082500000, 0x0000000082500000| Untracked 
|  38|0x0000000082600000, 0x0000000082600000, 0x0000000082700000|  0%| F|  |TAMS 0x0000000082600000, 0x0000000082600000| Untracked 
|  39|0x0000000082700000, 0x0000000082700000, 0x0000000082800000|  0%| F|  |TAMS 0x0000000082700000, 0x0000000082700000| Untracked 
|  40|0x0000000082800000, 0x0000000082800000, 0x0000000082900000|  0%| F|  |TAMS 0x0000000082800000, 0x0000000082800000| Untracked 
|  41|0x0000000082900000, 0x0000000082900000, 0x0000000082a00000|  0%| F|  |TAMS 0x0000000082900000, 0x0000000082900000| Untracked 
|  42|0x0000000082a00000, 0x0000000082a00000, 0x0000000082b00000|  0%| F|  |TAMS 0x0000000082a00000, 0x0000000082a00000| Untracked 
|  43|0x0000000082b00000, 0x0000000082b00000, 0x0000000082c00000|  0%| F|  |TAMS 0x0000000082b00000, 0x0000000082b00000| Untracked 
|  44|0x0000000082c00000, 0x0000000082c00000, 0x0000000082d00000|  0%| F|  |TAMS 0x0000000082c00000, 0x0000000082c00000| Untracked 
|  45|0x0000000082d00000, 0x0000000082d00000, 0x0000000082e00000|  0%| F|  |TAMS 0x0000000082d00000, 0x0000000082d00000| Untracked 
|  46|0x0000000082e00000, 0x0000000082e00000, 0x0000000082f00000|  0%| F|  |TAMS 0x0000000082e00000, 0x0000000082e00000| Untracked 
|  47|0x0000000082f00000, 0x0000000082f00000, 0x0000000083000000|  0%| F|  |TAMS 0x0000000082f00000, 0x0000000082f00000| Untracked 
|  48|0x0000000083000000, 0x0000000083000000, 0x0000000083100000|  0%| F|  |TAMS 0x0000000083000000, 0x0000000083000000| Untracked 
|  49|0x0000000083100000, 0x0000000083100000, 0x0000000083200000|  0%| F|  |TAMS 0x0000000083100000, 0x0000000083100000| Untracked 
|  50|0x0000000083200000, 0x0000000083200000, 0x0000000083300000|  0%| F|  |TAMS 0x0000000083200000, 0x0000000083200000| Untracked 
|  51|0x0000000083300000, 0x0000000083300000, 0x0000000083400000|  0%| F|  |TAMS 0x0000000083300000, 0x0000000083300000| Untracked 
|  52|0x0000000083400000, 0x0000000083400000, 0x0000000083500000|  0%| F|  |TAMS 0x0000000083400000, 0x0000000083400000| Untracked 
|  53|0x0000000083500000, 0x0000000083500000, 0x0000000083600000|  0%| F|  |TAMS 0x0000000083500000, 0x0000000083500000| Untracked 
|  54|0x0000000083600000, 0x0000000083700000, 0x0000000083700000|100%| S|CS|TAMS 0x0000000083600000, 0x0000000083600000| Complete 
|  55|0x0000000083700000, 0x0000000083800000, 0x0000000083800000|100%| S|CS|TAMS 0x0000000083700000, 0x0000000083700000| Complete 
|  56|0x0000000083800000, 0x0000000083900000, 0x0000000083900000|100%| S|CS|TAMS 0x0000000083800000, 0x0000000083800000| Complete 
|  57|0x0000000083900000, 0x0000000083a00000, 0x0000000083a00000|100%| S|CS|TAMS 0x0000000083900000, 0x0000000083900000| Complete 
|  58|0x0000000083a00000, 0x0000000083b00000, 0x0000000083b00000|100%| S|CS|TAMS 0x0000000083a00000, 0x0000000083a00000| Complete 
|  59|0x0000000083b00000, 0x0000000083c00000, 0x0000000083c00000|100%| S|CS|TAMS 0x0000000083b00000, 0x0000000083b00000| Complete 
|  60|0x0000000083c00000, 0x0000000083d00000, 0x0000000083d00000|100%| S|CS|TAMS 0x0000000083c00000, 0x0000000083c00000| Complete 
|  61|0x0000000083d00000, 0x0000000083e00000, 0x0000000083e00000|100%| S|CS|TAMS 0x0000000083d00000, 0x0000000083d00000| Complete 
|  62|0x0000000083e00000, 0x0000000083e00000, 0x0000000083f00000|  0%| F|  |TAMS 0x0000000083e00000, 0x0000000083e00000| Untracked 
|  63|0x0000000083f00000, 0x0000000083f00000, 0x0000000084000000|  0%| F|  |TAMS 0x0000000083f00000, 0x0000000083f00000| Untracked 
|  64|0x0000000084000000, 0x0000000084000000, 0x0000000084100000|  0%| F|  |TAMS 0x0000000084000000, 0x0000000084000000| Untracked 
|  65|0x0000000084100000, 0x0000000084100000, 0x0000000084200000|  0%| F|  |TAMS 0x0000000084100000, 0x0000000084100000| Untracked 
|  66|0x0000000084200000, 0x0000000084200000, 0x0000000084300000|  0%| F|  |TAMS 0x0000000084200000, 0x0000000084200000| Untracked 
|  67|0x0000000084300000, 0x0000000084300000, 0x0000000084400000|  0%| F|  |TAMS 0x0000000084300000, 0x0000000084300000| Untracked 
|  68|0x0000000084400000, 0x0000000084400000, 0x0000000084500000|  0%| F|  |TAMS 0x0000000084400000, 0x0000000084400000| Untracked 
|  69|0x0000000084500000, 0x0000000084500000, 0x0000000084600000|  0%| F|  |TAMS 0x0000000084500000, 0x0000000084500000| Untracked 
|  70|0x0000000084600000, 0x0000000084600000, 0x0000000084700000|  0%| F|  |TAMS 0x0000000084600000, 0x0000000084600000| Untracked 
|  71|0x0000000084700000, 0x0000000084700000, 0x0000000084800000|  0%| F|  |TAMS 0x0000000084700000, 0x0000000084700000| Untracked 
|  72|0x0000000084800000, 0x0000000084800000, 0x0000000084900000|  0%| F|  |TAMS 0x0000000084800000, 0x0000000084800000| Untracked 
|  73|0x0000000084900000, 0x0000000084900000, 0x0000000084a00000|  0%| F|  |TAMS 0x0000000084900000, 0x0000000084900000| Untracked 
|  74|0x0000000084a00000, 0x0000000084a00000, 0x0000000084b00000|  0%| F|  |TAMS 0x0000000084a00000, 0x0000000084a00000| Untracked 
|  75|0x0000000084b00000, 0x0000000084b00000, 0x0000000084c00000|  0%| F|  |TAMS 0x0000000084b00000, 0x0000000084b00000| Untracked 
|  76|0x0000000084c00000, 0x0000000084c00000, 0x0000000084d00000|  0%| F|  |TAMS 0x0000000084c00000, 0x0000000084c00000| Untracked 
|  77|0x0000000084d00000, 0x0000000084d00000, 0x0000000084e00000|  0%| F|  |TAMS 0x0000000084d00000, 0x0000000084d00000| Untracked 
|  78|0x0000000084e00000, 0x0000000084e00000, 0x0000000084f00000|  0%| F|  |TAMS 0x0000000084e00000, 0x0000000084e00000| Untracked 
|  79|0x0000000084f00000, 0x0000000084f00000, 0x0000000085000000|  0%| F|  |TAMS 0x0000000084f00000, 0x0000000084f00000| Untracked 
|  80|0x0000000085000000, 0x0000000085000000, 0x0000000085100000|  0%| F|  |TAMS 0x0000000085000000, 0x0000000085000000| Untracked 
|  81|0x0000000085100000, 0x0000000085100000, 0x0000000085200000|  0%| F|  |TAMS 0x0000000085100000, 0x0000000085100000| Untracked 
|  82|0x0000000085200000, 0x0000000085200000, 0x0000000085300000|  0%| F|  |TAMS 0x0000000085200000, 0x0000000085200000| Untracked 
|  83|0x0000000085300000, 0x0000000085300000, 0x0000000085400000|  0%| F|  |TAMS 0x0000000085300000, 0x0000000085300000| Untracked 
|  84|0x0000000085400000, 0x0000000085400000, 0x0000000085500000|  0%| F|  |TAMS 0x0000000085400000, 0x0000000085400000| Untracked 
|  85|0x0000000085500000, 0x0000000085500000, 0x0000000085600000|  0%| F|  |TAMS 0x0000000085500000, 0x0000000085500000| Untracked 
|  86|0x0000000085600000, 0x0000000085600000, 0x0000000085700000|  0%| F|  |TAMS 0x0000000085600000, 0x0000000085600000| Untracked 
|  87|0x0000000085700000, 0x0000000085700000, 0x0000000085800000|  0%| F|  |TAMS 0x0000000085700000, 0x0000000085700000| Untracked 
|  88|0x0000000085800000, 0x0000000085800000, 0x0000000085900000|  0%| F|  |TAMS 0x0000000085800000, 0x0000000085800000| Untracked 
|  89|0x0000000085900000, 0x0000000085900000, 0x0000000085a00000|  0%| F|  |TAMS 0x0000000085900000, 0x0000000085900000| Untracked 
|  90|0x0000000085a00000, 0x0000000085a00000, 0x0000000085b00000|  0%| F|  |TAMS 0x0000000085a00000, 0x0000000085a00000| Untracked 
|  91|0x0000000085b00000, 0x0000000085b00000, 0x0000000085c00000|  0%| F|  |TAMS 0x0000000085b00000, 0x0000000085b00000| Untracked 
|  92|0x0000000085c00000, 0x0000000085c00000, 0x0000000085d00000|  0%| F|  |TAMS 0x0000000085c00000, 0x0000000085c00000| Untracked 
|  93|0x0000000085d00000, 0x0000000085d00000, 0x0000000085e00000|  0%| F|  |TAMS 0x0000000085d00000, 0x0000000085d00000| Untracked 
|  94|0x0000000085e00000, 0x0000000085e00000, 0x0000000085f00000|  0%| F|  |TAMS 0x0000000085e00000, 0x0000000085e00000| Untracked 
|  95|0x0000000085f00000, 0x0000000085f00000, 0x0000000086000000|  0%| F|  |TAMS 0x0000000085f00000, 0x0000000085f00000| Untracked 
|  96|0x0000000086000000, 0x0000000086000000, 0x0000000086100000|  0%| F|  |TAMS 0x0000000086000000, 0x0000000086000000| Untracked 
|  97|0x0000000086100000, 0x0000000086100000, 0x0000000086200000|  0%| F|  |TAMS 0x0000000086100000, 0x0000000086100000| Untracked 
|  98|0x0000000086200000, 0x0000000086200000, 0x0000000086300000|  0%| F|  |TAMS 0x0000000086200000, 0x0000000086200000| Untracked 
|  99|0x0000000086300000, 0x0000000086300000, 0x0000000086400000|  0%| F|  |TAMS 0x0000000086300000, 0x0000000086300000| Untracked 
| 100|0x0000000086400000, 0x0000000086480800, 0x0000000086500000| 50%| E|  |TAMS 0x0000000086400000, 0x0000000086400000| Complete 
| 101|0x0000000086500000, 0x0000000086600000, 0x0000000086600000|100%| E|CS|TAMS 0x0000000086500000, 0x0000000086500000| Complete 
| 102|0x0000000086600000, 0x0000000086700000, 0x0000000086700000|100%| E|CS|TAMS 0x0000000086600000, 0x0000000086600000| Complete 
| 103|0x0000000086700000, 0x0000000086800000, 0x0000000086800000|100%| E|CS|TAMS 0x0000000086700000, 0x0000000086700000| Complete 
| 104|0x0000000086800000, 0x0000000086900000, 0x0000000086900000|100%| E|CS|TAMS 0x0000000086800000, 0x0000000086800000| Complete 
| 105|0x0000000086900000, 0x0000000086a00000, 0x0000000086a00000|100%| E|CS|TAMS 0x0000000086900000, 0x0000000086900000| Complete 
| 106|0x0000000086a00000, 0x0000000086b00000, 0x0000000086b00000|100%| E|CS|TAMS 0x0000000086a00000, 0x0000000086a00000| Complete 
| 107|0x0000000086b00000, 0x0000000086c00000, 0x0000000086c00000|100%| E|CS|TAMS 0x0000000086b00000, 0x0000000086b00000| Complete 
| 108|0x0000000086c00000, 0x0000000086d00000, 0x0000000086d00000|100%| E|CS|TAMS 0x0000000086c00000, 0x0000000086c00000| Complete 
| 109|0x0000000086d00000, 0x0000000086e00000, 0x0000000086e00000|100%| E|CS|TAMS 0x0000000086d00000, 0x0000000086d00000| Complete 
| 110|0x0000000086e00000, 0x0000000086f00000, 0x0000000086f00000|100%| E|CS|TAMS 0x0000000086e00000, 0x0000000086e00000| Complete 
| 111|0x0000000086f00000, 0x0000000087000000, 0x0000000087000000|100%| E|CS|TAMS 0x0000000086f00000, 0x0000000086f00000| Complete 
| 112|0x0000000087000000, 0x0000000087100000, 0x0000000087100000|100%| E|CS|TAMS 0x0000000087000000, 0x0000000087000000| Complete 
| 113|0x0000000087100000, 0x0000000087200000, 0x0000000087200000|100%| E|CS|TAMS 0x0000000087100000, 0x0000000087100000| Complete 
| 114|0x0000000087200000, 0x0000000087300000, 0x0000000087300000|100%| E|CS|TAMS 0x0000000087200000, 0x0000000087200000| Complete 
| 115|0x0000000087300000, 0x0000000087400000, 0x0000000087400000|100%| E|CS|TAMS 0x0000000087300000, 0x0000000087300000| Complete 
| 116|0x0000000087400000, 0x0000000087500000, 0x0000000087500000|100%| E|CS|TAMS 0x0000000087400000, 0x0000000087400000| Complete 
| 117|0x0000000087500000, 0x0000000087600000, 0x0000000087600000|100%| E|CS|TAMS 0x0000000087500000, 0x0000000087500000| Complete 
| 118|0x0000000087600000, 0x0000000087700000, 0x0000000087700000|100%| E|CS|TAMS 0x0000000087600000, 0x0000000087600000| Complete 
| 119|0x0000000087700000, 0x0000000087800000, 0x0000000087800000|100%| E|CS|TAMS 0x0000000087700000, 0x0000000087700000| Complete 
| 120|0x0000000087800000, 0x0000000087900000, 0x0000000087900000|100%| E|CS|TAMS 0x0000000087800000, 0x0000000087800000| Complete 
| 121|0x0000000087900000, 0x0000000087a00000, 0x0000000087a00000|100%| E|CS|TAMS 0x0000000087900000, 0x0000000087900000| Complete 
| 122|0x0000000087a00000, 0x0000000087b00000, 0x0000000087b00000|100%| E|CS|TAMS 0x0000000087a00000, 0x0000000087a00000| Complete 
| 123|0x0000000087b00000, 0x0000000087c00000, 0x0000000087c00000|100%| E|CS|TAMS 0x0000000087b00000, 0x0000000087b00000| Complete 
| 124|0x0000000087c00000, 0x0000000087d00000, 0x0000000087d00000|100%| E|CS|TAMS 0x0000000087c00000, 0x0000000087c00000| Complete 
| 125|0x0000000087d00000, 0x0000000087e00000, 0x0000000087e00000|100%| E|CS|TAMS 0x0000000087d00000, 0x0000000087d00000| Complete 

Card table byte_map: [0x000002587ec00000,0x000002587f000000] _byte_map_base: 0x000002587e800000

Marking Bits (Prev, Next): (CMBitMap*) 0x000002586b7fc858, (CMBitMap*) 0x000002586b7fc890
 Prev Bits: [0x0000025800000000, 0x0000025802000000)
 Next Bits: [0x0000025802000000, 0x0000025804000000)

Polling page: 0x0000025869790000

Metaspace:

Usage:
  Non-class:     45.31 MB capacity,    44.43 MB ( 98%) used,   769.80 KB (  2%) free+waste,   139.75 KB ( <1%) overhead. 
      Class:      7.00 MB capacity,     6.50 MB ( 93%) used,   439.42 KB (  6%) free+waste,    66.81 KB ( <1%) overhead. 
       Both:     52.31 MB capacity,    50.93 MB ( 97%) used,     1.18 MB (  2%) free+waste,   206.56 KB ( <1%) overhead. 

Virtual space:
  Non-class space:       46.00 MB reserved,      45.50 MB ( 99%) committed 
      Class space:        1.00 GB reserved,       7.07 MB ( <1%) committed 
             Both:        1.04 GB reserved,      52.57 MB (  5%) committed 

Chunk freelists:
   Non-Class:  62.00 KB
       Class:  1.00 KB
        Both:  63.00 KB

MaxMetaspaceSize: 17179869184.00 GB
CompressedClassSpaceSize: 1.00 GB

CodeHeap 'non-profiled nmethods': size=120000Kb used=2963Kb max_used=2963Kb free=117036Kb
 bounds [0x0000025876d70000, 0x0000025877060000, 0x000002587e2a0000]
CodeHeap 'profiled nmethods': size=120000Kb used=10580Kb max_used=10580Kb free=109419Kb
 bounds [0x000002586f840000, 0x00000258702a0000, 0x0000025876d70000]
CodeHeap 'non-nmethods': size=5760Kb used=2228Kb max_used=2286Kb free=3531Kb
 bounds [0x000002586f2a0000, 0x000002586f510000, 0x000002586f840000]
 total_blobs=6037 nmethods=5233 adapters=715
 compilation: enabled
              stopped_count=0, restarted_count=0
 full_count=0

Compilation events (20 events):
Event: 9.966 Thread 0x0000025806a5a000 nmethod 5200 0x0000025870271110 code [0x00000258702712c0, 0x00000258702713e8]
Event: 9.966 Thread 0x0000025806a5a000 5198       3       com.google.common.collect.RegularImmutableMap::create (69 bytes)
Event: 9.966 Thread 0x0000025806a5a000 nmethod 5198 0x0000025870271490 code [0x0000025870271700, 0x0000025870272008]
Event: 9.966 Thread 0x0000025806a5a000 5201       3       org.gradle.cache.internal.DefaultCrossBuildInMemoryCacheFactory$AbstractCrossBuildInMemoryCache::getIfPresentWithoutLock (43 bytes)
Event: 9.966 Thread 0x0000025806a5a000 nmethod 5201 0x0000025870272390 code [0x0000025870272580, 0x0000025870272988]
Event: 9.966 Thread 0x0000025806a5a000 5199       3       com.google.common.collect.ImmutableMap$Builder::<init> (25 bytes)
Event: 9.966 Thread 0x0000025806a5a000 nmethod 5199 0x0000025870272a90 code [0x0000025870272c40, 0x0000025870272e98]
Event: 9.973 Thread 0x0000025806a58800 5202   !   4       jdk.internal.loader.Resource::getBytes (242 bytes)
Event: 9.977 Thread 0x0000025806a5a000 5203       3       java.lang.Enum::hashCode (5 bytes)
Event: 9.977 Thread 0x0000025806a5a000 nmethod 5203 0x0000025870272f90 code [0x0000025870273140, 0x0000025870273268]
Event: 9.977 Thread 0x0000025806a5a000 5204       3       com.google.common.collect.CollectPreconditions::checkEntryNotNull (100 bytes)
Event: 9.978 Thread 0x0000025806a5a000 nmethod 5204 0x0000025870273310 code [0x0000025870273620, 0x0000025870274388]
Event: 9.978 Thread 0x0000025806a5a000 5205       1       com.android.build.gradle.options.Stage::getStatus (5 bytes)
Event: 9.978 Thread 0x0000025806a5a000 nmethod 5205 0x0000025877045710 code [0x00000258770458c0, 0x0000025877045978]
Event: 9.978 Thread 0x000002580cbd1800 5206       4       java.util.concurrent.ConcurrentHashMap::addCount (289 bytes)
Event: 9.980 Thread 0x0000025806a5a000 5207       3       com.google.common.collect.MapMakerInternalMap$1::clear (1 bytes)
Event: 9.980 Thread 0x0000025806a5a000 nmethod 5207 0x0000025870274890 code [0x0000025870274a40, 0x0000025870274b38]
Event: 9.982 Thread 0x000002580cbd1800 nmethod 5206 0x0000025877045a10 code [0x0000025877045be0, 0x0000025877045ef0]
Event: 9.987 Thread 0x000002580cbd1800 5208       4       com.google.common.collect.RegularImmutableSet::iterator (5 bytes)
Event: 10.505 Thread 0x0000025806a5a000 5210       3       java.util.Collections$SingletonSet::contains (9 bytes)

GC Heap History (16 events):
Event: 0.760 GC heap before
{Heap before GC invocations=0 (full 0):
 garbage-first heap   total 129024K, used 29696K [0x0000000080000000, 0x0000000100000000)
  region size 1024K, 24 young (24576K), 0 survivors (0K)
 Metaspace       used 9803K, capacity 9990K, committed 10112K, reserved 1058816K
  class space    used 1022K, capacity 1102K, committed 1152K, reserved 1048576K
}
Event: 0.766 GC heap after
{Heap after GC invocations=1 (full 0):
 garbage-first heap   total 129024K, used 9398K [0x0000000080000000, 0x0000000100000000)
  region size 1024K, 3 young (3072K), 3 survivors (3072K)
 Metaspace       used 9803K, capacity 9990K, committed 10112K, reserved 1058816K
  class space    used 1022K, capacity 1102K, committed 1152K, reserved 1048576K
}
Event: 2.511 GC heap before
{Heap before GC invocations=1 (full 0):
 garbage-first heap   total 129024K, used 84150K [0x0000000080000000, 0x0000000100000000)
  region size 1024K, 75 young (76800K), 3 survivors (3072K)
 Metaspace       used 17691K, capacity 18154K, committed 18432K, reserved 1064960K
  class space    used 2091K, capacity 2236K, committed 2304K, reserved 1048576K
}
Event: 2.518 GC heap after
{Heap after GC invocations=2 (full 0):
 garbage-first heap   total 129024K, used 15728K [0x0000000080000000, 0x0000000100000000)
  region size 1024K, 10 young (10240K), 10 survivors (10240K)
 Metaspace       used 17691K, capacity 18154K, committed 18432K, reserved 1064960K
  class space    used 2091K, capacity 2236K, committed 2304K, reserved 1048576K
}
Event: 2.798 GC heap before
{Heap before GC invocations=2 (full 0):
 garbage-first heap   total 129024K, used 38256K [0x0000000080000000, 0x0000000100000000)
  region size 1024K, 33 young (33792K), 10 survivors (10240K)
 Metaspace       used 20614K, capacity 21122K, committed 21248K, reserved 1067008K
  class space    used 2521K, capacity 2720K, committed 2816K, reserved 1048576K
}
Event: 2.805 GC heap after
{Heap after GC invocations=3 (full 0):
 garbage-first heap   total 129024K, used 16859K [0x0000000080000000, 0x0000000100000000)
  region size 1024K, 1 young (1024K), 1 survivors (1024K)
 Metaspace       used 20614K, capacity 21122K, committed 21248K, reserved 1067008K
  class space    used 2521K, capacity 2720K, committed 2816K, reserved 1048576K
}
Event: 3.926 GC heap before
{Heap before GC invocations=4 (full 0):
 garbage-first heap   total 129024K, used 84443K [0x0000000080000000, 0x0000000100000000)
  region size 1024K, 67 young (68608K), 1 survivors (1024K)
 Metaspace       used 26785K, capacity 27449K, committed 27648K, reserved 1073152K
  class space    used 3543K, capacity 3793K, committed 3840K, reserved 1048576K
}
Event: 3.930 GC heap after
{Heap after GC invocations=5 (full 0):
 garbage-first heap   total 129024K, used 18868K [0x0000000080000000, 0x0000000100000000)
  region size 1024K, 3 young (3072K), 3 survivors (3072K)
 Metaspace       used 26785K, capacity 27449K, committed 27648K, reserved 1073152K
  class space    used 3543K, capacity 3793K, committed 3840K, reserved 1048576K
}
Event: 5.110 GC heap before
{Heap before GC invocations=5 (full 0):
 garbage-first heap   total 129024K, used 61876K [0x0000000080000000, 0x0000000100000000)
  region size 1024K, 47 young (48128K), 3 survivors (3072K)
 Metaspace       used 35036K, capacity 35834K, committed 35840K, reserved 1081344K
  class space    used 4540K, capacity 4864K, committed 4864K, reserved 1048576K
}
Event: 5.121 GC heap after
{Heap after GC invocations=6 (full 0):
 garbage-first heap   total 129024K, used 21984K [0x0000000080000000, 0x0000000100000000)
  region size 1024K, 6 young (6144K), 6 survivors (6144K)
 Metaspace       used 35036K, capacity 35834K, committed 35840K, reserved 1081344K
  class space    used 4540K, capacity 4864K, committed 4864K, reserved 1048576K
}
Event: 6.613 GC heap before
{Heap before GC invocations=7 (full 0):
 garbage-first heap   total 129024K, used 86496K [0x0000000080000000, 0x0000000100000000)
  region size 1024K, 67 young (68608K), 6 survivors (6144K)
 Metaspace       used 39516K, capacity 40498K, committed 40780K, reserved 1085440K
  class space    used 5055K, capacity 5390K, committed 5452K, reserved 1048576K
}
Event: 6.620 GC heap after
{Heap after GC invocations=8 (full 0):
 garbage-first heap   total 129024K, used 27346K [0x0000000080000000, 0x0000000100000000)
  region size 1024K, 9 young (9216K), 9 survivors (9216K)
 Metaspace       used 39516K, capacity 40498K, committed 40780K, reserved 1085440K
  class space    used 5055K, capacity 5390K, committed 5452K, reserved 1048576K
}
Event: 8.252 GC heap before
{Heap before GC invocations=8 (full 0):
 garbage-first heap   total 129024K, used 88786K [0x0000000080000000, 0x0000000100000000)
  region size 1024K, 69 young (70656K), 9 survivors (9216K)
 Metaspace       used 45123K, capacity 46242K, committed 46412K, reserved 1089536K
  class space    used 5801K, capacity 6192K, committed 6220K, reserved 1048576K
}
Event: 8.261 GC heap after
{Heap after GC invocations=9 (full 0):
 garbage-first heap   total 129024K, used 28944K [0x0000000080000000, 0x0000000100000000)
  region size 1024K, 3 young (3072K), 3 survivors (3072K)
 Metaspace       used 45123K, capacity 46242K, committed 46412K, reserved 1089536K
  class space    used 5801K, capacity 6192K, committed 6220K, reserved 1048576K
}
Event: 9.798 GC heap before
{Heap before GC invocations=9 (full 0):
 garbage-first heap   total 129024K, used 94480K [0x0000000080000000, 0x0000000100000000)
  region size 1024K, 64 young (65536K), 3 survivors (3072K)
 Metaspace       used 48611K, capacity 50020K, committed 50380K, reserved 1093632K
  class space    used 6221K, capacity 6729K, committed 6860K, reserved 1048576K
}
Event: 9.804 GC heap after
{Heap after GC invocations=10 (full 0):
 garbage-first heap   total 129024K, used 41552K [0x0000000080000000, 0x0000000100000000)
  region size 1024K, 8 young (8192K), 8 survivors (8192K)
 Metaspace       used 48611K, capacity 50020K, committed 50380K, reserved 1093632K
  class space    used 6221K, capacity 6729K, committed 6860K, reserved 1048576K
}

Deoptimization events (20 events):
Event: 9.706 Thread 0x00000258083bb000 Uncommon trap: trap_request=0xffffff4d fr.pc=0x0000025876dcad38 relative=0x0000000000000558
Event: 9.706 Thread 0x00000258083bb000 Uncommon trap: reason=unstable_if action=reinterpret pc=0x0000025876dcad38 method=java.util.jar.Manifest$FastInputStream.readLine([BII)I @ 130 c2
Event: 9.706 Thread 0x00000258083bb000 DEOPT PACKING pc=0x0000025876dcad38 sp=0x0000006e241f80b0
Event: 9.706 Thread 0x00000258083bb000 DEOPT UNPACKING pc=0x000002586f2c78af sp=0x0000006e241f8040 mode 2
Event: 9.861 Thread 0x00000258083bb000 Uncommon trap: trap_request=0xffffff4d fr.pc=0x0000025876ef8b44 relative=0x0000000000000744
Event: 9.862 Thread 0x00000258083bb000 Uncommon trap: reason=unstable_if action=reinterpret pc=0x0000025876ef8b44 method=java.io.BufferedInputStream.read([BII)I @ 56 c2
Event: 9.862 Thread 0x00000258083bb000 DEOPT PACKING pc=0x0000025876ef8b44 sp=0x0000006e241f7440
Event: 9.862 Thread 0x00000258083bb000 DEOPT UNPACKING pc=0x000002586f2c78af sp=0x0000006e241f73f8 mode 2
Event: 9.863 Thread 0x00000258083bb000 Uncommon trap: trap_request=0xffffff4d fr.pc=0x0000025876e5b074 relative=0x0000000000000054
Event: 9.863 Thread 0x00000258083bb000 Uncommon trap: reason=unstable_if action=reinterpret pc=0x0000025876e5b074 method=java.util.regex.Pattern.has(I)Z @ 6 c2
Event: 9.863 Thread 0x00000258083bb000 DEOPT PACKING pc=0x0000025876e5b074 sp=0x0000006e241f6430
Event: 9.863 Thread 0x00000258083bb000 DEOPT UNPACKING pc=0x000002586f2c78af sp=0x0000006e241f63c0 mode 2
Event: 9.885 Thread 0x00000258083bb000 Uncommon trap: trap_request=0xffffff45 fr.pc=0x0000025876f32fec relative=0x0000000000000dac
Event: 9.885 Thread 0x00000258083bb000 Uncommon trap: reason=unstable_fused_if action=reinterpret pc=0x0000025876f32fec method=org.objectweb.asm.ByteVector.putUTF8(Ljava/lang/String;)Lorg/objectweb/asm/ByteVector; @ 93 c2
Event: 9.885 Thread 0x00000258083bb000 DEOPT PACKING pc=0x0000025876f32fec sp=0x0000006e241f7ee0
Event: 9.885 Thread 0x00000258083bb000 DEOPT UNPACKING pc=0x000002586f2c78af sp=0x0000006e241f7e38 mode 2
Event: 9.919 Thread 0x00000258083bb000 Uncommon trap: trap_request=0xffffff45 fr.pc=0x0000025876ea406c relative=0x000000000000020c
Event: 9.919 Thread 0x00000258083bb000 Uncommon trap: reason=unstable_fused_if action=reinterpret pc=0x0000025876ea406c method=org.objectweb.asm.ByteVector.putUTF8(Ljava/lang/String;)Lorg/objectweb/asm/ByteVector; @ 93 c2
Event: 9.919 Thread 0x00000258083bb000 DEOPT PACKING pc=0x0000025876ea406c sp=0x0000006e241f8210
Event: 9.919 Thread 0x00000258083bb000 DEOPT UNPACKING pc=0x000002586f2c78af sp=0x0000006e241f8190 mode 2

Classes redefined (0 events):
No events

Internal exceptions (20 events):
Event: 9.570 Thread 0x00000258083bb000 Exception <a 'java/lang/ClassNotFoundException'{0x0000000084cfe060}: org/gradle/api/tasks/DeleteCustomizer> (0x0000000084cfe060) thrown at [./src/hotspot/share/classfile/systemDictionary.cpp, line 231]
Event: 9.572 Thread 0x00000258083bb000 Exception <a 'java/lang/ClassNotFoundException'{0x0000000084b3c910}: org/gradle/api/tasks/Delete_DecoratedCustomizer> (0x0000000084b3c910) thrown at [./src/hotspot/share/classfile/systemDictionary.cpp, line 231]
Event: 9.600 Thread 0x00000258083bb000 Exception <a 'java/lang/NoSuchMethodError'{0x0000000084a4fd38}: 'long java.lang.invoke.DirectMethodHandle$Holder.invokeVirtual(java.lang.Object, java.lang.Object)'> (0x0000000084a4fd38) thrown at [./src/hotspot/share/interpreter/linkResolver.cpp, line 773]
Event: 9.605 Thread 0x0000025808a87000 Exception <a 'java/lang/NoSuchMethodError'{0x0000000087d89548}: <clinit>> (0x0000000087d89548) thrown at [./src/hotspot/share/prims/jni.cpp, line 1362]
Event: 9.606 Thread 0x0000025808a87000 Exception <a 'java/lang/NoSuchMethodError'{0x0000000084a9f580}: <clinit>> (0x0000000084a9f580) thrown at [./src/hotspot/share/prims/jni.cpp, line 1362]
Event: 9.606 Thread 0x0000025808a87000 Exception <a 'java/lang/NoSuchMethodError'{0x0000000084aa0690}: <clinit>> (0x0000000084aa0690) thrown at [./src/hotspot/share/prims/jni.cpp, line 1362]
Event: 9.606 Thread 0x0000025808a87000 Exception <a 'java/lang/NoSuchMethodError'{0x0000000084aa1998}: <clinit>> (0x0000000084aa1998) thrown at [./src/hotspot/share/prims/jni.cpp, line 1362]
Event: 9.606 Thread 0x0000025808a87000 Exception <a 'java/lang/NoSuchMethodError'{0x0000000084aa29b8}: <clinit>> (0x0000000084aa29b8) thrown at [./src/hotspot/share/prims/jni.cpp, line 1362]
Event: 9.607 Thread 0x0000025808a87000 Exception <a 'java/lang/NoSuchMethodError'{0x00000000849041a8}: <clinit>> (0x00000000849041a8) thrown at [./src/hotspot/share/prims/jni.cpp, line 1362]
Event: 9.608 Thread 0x0000025808a87000 Exception <a 'java/lang/NoSuchMethodError'{0x000000008490e6b8}: <clinit>> (0x000000008490e6b8) thrown at [./src/hotspot/share/prims/jni.cpp, line 1362]
Event: 9.611 Thread 0x0000025808a87000 Exception <a 'java/lang/NoSuchMethodError'{0x00000000849223f0}: <clinit>> (0x00000000849223f0) thrown at [./src/hotspot/share/prims/jni.cpp, line 1362]
Event: 9.683 Thread 0x00000258083bb000 Exception <a 'java/lang/ClassNotFoundException'{0x00000000849716e8}: build_8ycwud2plvta46p9muy1177ujBeanInfo> (0x00000000849716e8) thrown at [./src/hotspot/share/classfile/systemDictionary.cpp, line 231]
Event: 9.683 Thread 0x00000258083bb000 Exception <a 'java/lang/ClassNotFoundException'{0x000000008497c610}: build_8ycwud2plvta46p9muy1177ujCustomizer> (0x000000008497c610) thrown at [./src/hotspot/share/classfile/systemDictionary.cpp, line 231]
Event: 9.689 Thread 0x00000258083bb000 Exception <a 'java/lang/ClassNotFoundException'{0x00000000849fc978}: org/gradle/plugin/use/internal/PluginRequestCollector$PluginDependenciesSpecImplBeanInfo> (0x00000000849fc978) thrown at [./src/hotspot/share/classfile/systemDictionary.cpp, line 231]
Event: 9.690 Thread 0x00000258083bb000 Exception <a 'java/lang/ClassNotFoundException'{0x000000008482acf0}: org/gradle/plugin/use/internal/PluginRequestCollector$PluginDependenciesSpecImplCustomizer> (0x000000008482acf0) thrown at [./src/hotspot/share/classfile/systemDictionary.cpp, line 231]
Event: 9.724 Thread 0x00000258083bb000 Exception <a 'java/lang/ClassNotFoundException'{0x00000000846a9c00}: org/gradle/api/internal/plugins/DefaultObjectConfigurationActionBeanInfo> (0x00000000846a9c00) thrown at [./src/hotspot/share/classfile/systemDictionary.cpp, line 231]
Event: 9.724 Thread 0x00000258083bb000 Exception <a 'java/lang/ClassNotFoundException'{0x00000000846dcfa0}: org/gradle/api/internal/plugins/DefaultObjectConfigurationActionCustomizer> (0x00000000846dcfa0) thrown at [./src/hotspot/share/classfile/systemDictionary.cpp, line 231]
Event: 9.877 Thread 0x00000258083bb000 Exception <a 'java/lang/NoSuchMethodError'{0x00000000879b5920}: 'java.lang.Object java.lang.invoke.DirectMethodHandle$Holder.invokeStatic(java.lang.Object, java.lang.Object, java.lang.Object, java.lang.Object, int)'> (0x00000000879b5920) thrown at [./src/hotspot/share/interpreter/linkResolver.cpp, line 773]
Event: 9.877 Thread 0x00000258083bb000 Exception <a 'java/lang/NoSuchMethodError'{0x00000000879ba318}: 'java.lang.Object java.lang.invoke.DirectMethodHandle$Holder.invokeSpecial(java.lang.Object, java.lang.Object, java.lang.Object, java.lang.Object, java.lang.Object, int)'> (0x00000000879ba318) thrown at [./src/hotspot/share/interpreter/linkResolver.cpp, line 773]
Event: 9.877 Thread 0x00000258083bb000 Exception <a 'java/lang/NoSuchMethodError'{0x00000000879be958}: 'java.lang.Object java.lang.invoke.Invokers$Holder.linkToTargetMethod(java.lang.Object, java.lang.Object, java.lang.Object, int, java.lang.Object)'> (0x00000000879be958) thrown at [./src/hotspot/share/interpreter/linkResolver.cpp, line 773]

Events (20 events):
Event: 9.980 loading class com/android/tools/analytics/Environment$Companion
Event: 9.980 loading class com/android/tools/analytics/Environment$Companion done
Event: 9.981 loading class com/android/tools/analytics/Environment$Companion$SYSTEM$1
Event: 9.981 loading class com/android/tools/analytics/Environment$Companion$SYSTEM$1 done
Event: 9.981 loading class com/android/tools/analytics/Environment$SystemProperty
Event: 9.981 loading class com/android/tools/analytics/Environment$SystemProperty done
Event: 9.982 loading class kotlin/ranges/RangesKt
Event: 9.982 loading class kotlin/ranges/RangesKt done
Event: 9.982 loading class kotlin/ranges/RangesKt
Event: 9.982 loading class kotlin/ranges/RangesKt done
Event: 9.983 loading class kotlin/ranges/RangesKt___RangesKt
Event: 9.983 loading class kotlin/ranges/RangesKt___RangesKt done
Event: 9.984 loading class kotlin/ranges/RangesKt__RangesKt
Event: 9.984 loading class kotlin/ranges/RangesKt__RangesKt done
Event: 9.985 loading class org/gradle/api/internal/provider/sources/SystemPropertyValueSource
Event: 9.985 loading class org/gradle/api/internal/provider/sources/SystemPropertyValueSource done
Event: 9.986 loading class org/gradle/api/provider/Provider
Event: 9.986 loading class org/gradle/api/provider/Provider done
Event: 9.986 loading class org/gradle/api/provider/Provider
Event: 9.986 loading class org/gradle/api/provider/Provider done


Dynamic libraries:
0x00007ff69e780000 - 0x00007ff69e78a000 	C:\Program Files\Android\Android Studio\jre\bin\java.exe
0x00007ff8b3f70000 - 0x00007ff8b4189000 	C:\WINDOWS\SYSTEM32\ntdll.dll
0x00007ff8b2c60000 - 0x00007ff8b2d22000 	C:\WINDOWS\System32\KERNEL32.DLL
0x00007ff8b1350000 - 0x00007ff8b16ef000 	C:\WINDOWS\System32\KERNELBASE.dll
0x00007ff8b1980000 - 0x00007ff8b1a9b000 	C:\WINDOWS\System32\ucrtbase.dll
0x00007ff898100000 - 0x00007ff898117000 	C:\Program Files\Android\Android Studio\jre\bin\VCRUNTIME140.dll
0x00007ff896d50000 - 0x00007ff896d69000 	C:\Program Files\Android\Android Studio\jre\bin\jli.dll
0x00007ff8b1ef0000 - 0x00007ff8b209c000 	C:\WINDOWS\System32\USER32.dll
0x00007ff8b1d10000 - 0x00007ff8b1d36000 	C:\WINDOWS\System32\win32u.dll
0x00007ff896f40000 - 0x00007ff8971d1000 	C:\WINDOWS\WinSxS\amd64_microsoft.windows.common-controls_6595b64144ccf1df_6.0.25217.1000_none_7b59e1e7f1b57804\COMCTL32.dll
0x00007ff8b2a90000 - 0x00007ff8b2ab9000 	C:\WINDOWS\System32\GDI32.dll
0x00007ff8b2d30000 - 0x00007ff8b2dd7000 	C:\WINDOWS\System32\msvcrt.dll
0x00007ff8b1860000 - 0x00007ff8b1976000 	C:\WINDOWS\System32\gdi32full.dll
0x00007ff8b1700000 - 0x00007ff8b179a000 	C:\WINDOWS\System32\msvcp_win.dll
0x00007ff8b20a0000 - 0x00007ff8b20d1000 	C:\WINDOWS\System32\IMM32.DLL
0x00007ff8754e0000 - 0x00007ff87557d000 	C:\Program Files\Android\Android Studio\jre\bin\msvcp140.dll
0x00007ff865c30000 - 0x00007ff8666ff000 	C:\Program Files\Android\Android Studio\jre\bin\server\jvm.dll
0x00007ff8b1d50000 - 0x00007ff8b1dfe000 	C:\WINDOWS\System32\ADVAPI32.dll
0x00007ff8b3e80000 - 0x00007ff8b3f26000 	C:\WINDOWS\System32\sechost.dll
0x00007ff8b2ec0000 - 0x00007ff8b2fe7000 	C:\WINDOWS\System32\RPCRT4.dll
0x00007ff8b29a0000 - 0x00007ff8b29a8000 	C:\WINDOWS\System32\PSAPI.DLL
0x00007ff8ab0d0000 - 0x00007ff8ab105000 	C:\WINDOWS\SYSTEM32\WINMM.dll
0x00007ff8a9840000 - 0x00007ff8a984a000 	C:\WINDOWS\SYSTEM32\VERSION.dll
0x00007ff893290000 - 0x00007ff893299000 	C:\WINDOWS\SYSTEM32\WSOCK32.dll
0x00007ff8b34e0000 - 0x00007ff8b354f000 	C:\WINDOWS\System32\WS2_32.dll
0x00007ff8b0300000 - 0x00007ff8b0318000 	C:\WINDOWS\SYSTEM32\kernel.appcore.dll
0x00007ff8ab680000 - 0x00007ff8ab691000 	C:\Program Files\Android\Android Studio\jre\bin\verify.dll
0x00007ff8aed10000 - 0x00007ff8aef43000 	C:\WINDOWS\SYSTEM32\DBGHELP.DLL
0x00007ff8b3560000 - 0x00007ff8b38e3000 	C:\WINDOWS\System32\combase.dll
0x00007ff8b29b0000 - 0x00007ff8b2a88000 	C:\WINDOWS\System32\OLEAUT32.dll
0x00007ff8a7ae0000 - 0x00007ff8a7b12000 	C:\WINDOWS\SYSTEM32\dbgcore.DLL
0x00007ff8b1aa0000 - 0x00007ff8b1b19000 	C:\WINDOWS\System32\bcryptPrimitives.dll
0x00007ff8a9240000 - 0x00007ff8a9269000 	C:\Program Files\Android\Android Studio\jre\bin\java.dll
0x00007ff8ab1a0000 - 0x00007ff8ab1ab000 	C:\Program Files\Android\Android Studio\jre\bin\jimage.dll
0x00007ff8ab110000 - 0x00007ff8ab128000 	C:\Program Files\Android\Android Studio\jre\bin\zip.dll
0x00007ff8b20f0000 - 0x00007ff8b28bf000 	C:\WINDOWS\System32\SHELL32.dll
0x00007ff8af2a0000 - 0x00007ff8afb35000 	C:\WINDOWS\SYSTEM32\windows.storage.dll
0x00007ff8af100000 - 0x00007ff8af293000 	C:\WINDOWS\SYSTEM32\wintypes.dll
0x00007ff8b1e00000 - 0x00007ff8b1eeb000 	C:\WINDOWS\System32\SHCORE.dll
0x00007ff8b2940000 - 0x00007ff8b299d000 	C:\WINDOWS\System32\shlwapi.dll
0x00007ff8b1280000 - 0x00007ff8b12a1000 	C:\WINDOWS\SYSTEM32\profapi.dll
0x00007ff8aa2f0000 - 0x00007ff8aa30a000 	C:\Program Files\Android\Android Studio\jre\bin\net.dll
0x00007ff8aa900000 - 0x00007ff8aaa2b000 	C:\WINDOWS\SYSTEM32\WINHTTP.dll
0x00007ff8b07b0000 - 0x00007ff8b0819000 	C:\WINDOWS\system32\mswsock.dll
0x00007ff8a6fc0000 - 0x00007ff8a6fd4000 	C:\Program Files\Android\Android Studio\jre\bin\nio.dll
0x00007ff8a4b30000 - 0x00007ff8a4b57000 	C:\Users\LENOVO\.gradle\native\8bec1ad78214c89d9ad589b4d07fe93259594b29d510b10fafb7a158f7737e5d\windows-amd64\native-platform.dll
0x00007ff8878a0000 - 0x00007ff8879dd000 	C:\Users\LENOVO\.gradle\native\53dbd7edfb1c66fb8903c78663c9afc45aea4f116125fa6feffd364cf09443e8\windows-amd64\native-platform-file-events.dll
0x00007ff8aabf0000 - 0x00007ff8aabfa000 	C:\Program Files\Android\Android Studio\jre\bin\management.dll
0x00007ff8a9e20000 - 0x00007ff8a9e2c000 	C:\Program Files\Android\Android Studio\jre\bin\management_ext.dll
0x00007ff8b0aa0000 - 0x00007ff8b0abb000 	C:\WINDOWS\SYSTEM32\CRYPTSP.dll
0x00007ff8b0260000 - 0x00007ff8b0294000 	C:\WINDOWS\system32\rsaenh.dll
0x00007ff8b0920000 - 0x00007ff8b0948000 	C:\WINDOWS\SYSTEM32\USERENV.dll
0x00007ff8b0c60000 - 0x00007ff8b0c88000 	C:\WINDOWS\SYSTEM32\bcrypt.dll
0x00007ff8b0ac0000 - 0x00007ff8b0acc000 	C:\WINDOWS\SYSTEM32\CRYPTBASE.dll
0x00007ff8afde0000 - 0x00007ff8afe0e000 	C:\WINDOWS\SYSTEM32\IPHLPAPI.DLL
0x00007ff8b1d40000 - 0x00007ff8b1d49000 	C:\WINDOWS\System32\NSI.dll
0x00007ff8aad90000 - 0x00007ff8aada9000 	C:\WINDOWS\SYSTEM32\dhcpcsvc6.DLL
0x00007ff8aa4a0000 - 0x00007ff8aa4bf000 	C:\WINDOWS\SYSTEM32\dhcpcsvc.DLL
0x00007ff8afe70000 - 0x00007ff8aff6f000 	C:\WINDOWS\SYSTEM32\DNSAPI.dll

dbghelp: loaded successfully - version: 4.0.5 - missing functions: none
symbol engine: initialized successfully - sym options: 0x614 - pdb path: .;C:\Program Files\Android\Android Studio\jre\bin;C:\WINDOWS\SYSTEM32;C:\WINDOWS\WinSxS\amd64_microsoft.windows.common-controls_6595b64144ccf1df_6.0.25217.1000_none_7b59e1e7f1b57804;C:\Program Files\Android\Android Studio\jre\bin\server;C:\Users\LENOVO\.gradle\native\8bec1ad78214c89d9ad589b4d07fe93259594b29d510b10fafb7a158f7737e5d\windows-amd64;C:\Users\LENOVO\.gradle\native\53dbd7edfb1c66fb8903c78663c9afc45aea4f116125fa6feffd364cf09443e8\windows-amd64

VM Arguments:
jvm_args: --add-opens=java.base/java.util=ALL-UNNAMED --add-opens=java.base/java.lang=ALL-UNNAMED --add-opens=java.base/java.lang.invoke=ALL-UNNAMED --add-opens=java.base/java.util=ALL-UNNAMED --add-opens=java.prefs/java.util.prefs=ALL-UNNAMED --add-opens=java.prefs/java.util.prefs=ALL-UNNAMED --add-opens=java.base/java.nio.charset=ALL-UNNAMED --add-opens=java.base/java.net=ALL-UNNAMED --add-opens=java.base/java.util.concurrent.atomic=ALL-UNNAMED -Xmx2048m -Dfile.encoding=UTF-8 -Duser.country=US -Duser.language=en -Duser.variant 
java_command: org.gradle.launcher.daemon.bootstrap.GradleDaemon 7.0.2
java_class_path (initial): C:\Users\LENOVO\.gradle\wrapper\dists\gradle-7.0.2-bin\857tjihv64xamwrf0h14cai3r\gradle-7.0.2\lib\gradle-launcher-7.0.2.jar
Launcher Type: SUN_STANDARD

[Global flags]
     intx CICompilerCount                          = 4                                         {product} {ergonomic}
     uint ConcGCThreads                            = 3                                         {product} {ergonomic}
     uint G1ConcRefinementThreads                  = 10                                        {product} {ergonomic}
   size_t G1HeapRegionSize                         = 1048576                                   {product} {ergonomic}
    uintx GCDrainStackTargetSize                   = 64                                        {product} {ergonomic}
   size_t InitialHeapSize                          = 132120576                                 {product} {ergonomic}
   size_t MarkStackSize                            = 4194304                                   {product} {ergonomic}
   size_t MaxHeapSize                              = 2147483648                                {product} {command line}
   size_t MaxNewSize                               = 1287651328                                {product} {ergonomic}
   size_t MinHeapDeltaBytes                        = 1048576                                   {product} {ergonomic}
    uintx NonNMethodCodeHeapSize                   = 5836300                                {pd product} {ergonomic}
    uintx NonProfiledCodeHeapSize                  = 122910970                              {pd product} {ergonomic}
    uintx ProfiledCodeHeapSize                     = 122910970                              {pd product} {ergonomic}
    uintx ReservedCodeCacheSize                    = 251658240                              {pd product} {ergonomic}
     bool SegmentedCodeCache                       = true                                      {product} {ergonomic}
     bool UseCompressedClassPointers               = true                                 {lp64_product} {ergonomic}
     bool UseCompressedOops                        = true                                 {lp64_product} {ergonomic}
     bool UseG1GC                                  = true                                      {product} {ergonomic}
     bool UseLargePagesIndividualAllocation        = false                                  {pd product} {ergonomic}

Logging:
Log output configuration:
 #0: stdout all=warning uptime,level,tags
 #1: stderr all=off uptime,level,tags

Environment Variables:
JAVA_HOME=C:\Program Files\Java\jdk-20
PATH=C:\Program Files\Common Files\Oracle\Java\javapath;C:\Windows\system32;C:\Windows;C:\Windows\System32\Wbem;C:\Windows\System32\WindowsPowerShell\v1.0\;C:\Windows\System32\OpenSSH\;C:\Program Files (x86)\NVIDIA Corporation\PhysX\Common;C:\Program Files\NVIDIA Corporation\NVIDIA NvDLISR;C:\WINDOWS\system32;C:\WINDOWS;C:\WINDOWS\System32\Wbem;C:\WINDOWS\System32\WindowsPowerShell\v1.0\;C:\WINDOWS\System32\OpenSSH\;%JAVA_HOME%\bin;C:\Users\LENOVO\AppData\Local\Microsoft\WindowsApps;;C:\Users\LENOVO\AppData\Local\Programs\Microsoft VS Code\bin
USERNAME=LENOVO
OS=Windows_NT
PROCESSOR_IDENTIFIER=AMD64 Family 23 Model 96 Stepping 1, AuthenticAMD



---------------  S Y S T E M  ---------------

OS: Windows 10 , 64 bit Build 25217 (10.0.25217.1000)
OS uptime: 31 days 23:10 hours

CPU:total 12 (initial active 12) (12 cores per cpu, 2 threads per core) family 23 model 96 stepping 1 microcode 0x8600103, cmov, cx8, fxsr, mmx, sse, sse2, sse3, ssse3, sse4.1, sse4.2, popcnt, avx, avx2, aes, clmul, mmxext, 3dnowpref, lzcnt, sse4a, ht, tsc, tscinvbit, tscinv, bmi1, bmi2,

Memory: 4k page, system-wide physical 8061M (753M free)
TotalPageFile size 12157M (AvailPageFile size 13M)
current process WorkingSet (physical memory assigned to process): 286M, peak: 299M
current process commit charge ("private bytes"): 340M, peak: 348M

vm_info: OpenJDK 64-Bit Server VM (11.0.10+0-b96-7249189) for windows-amd64 JRE (11.0.10+0-b96-7249189), built on Mar 31 2021 21:44:00 by "builder" with MS VC++ 14.0 (VS2015)

END.
